<?xml version="1.0" encoding="UTF-8"?>
<!-- Generated by org.testng.reporters.JUnitXMLReporter -->
<testsuite ignored="2" hostname="LAPTOP-6JPNJQ9R" failures="0" tests="2" name="Test" time="8.892" errors="0" timestamp="2025-01-03T13:26:41 SAST">
  <testcase classname="com.orangeHrm.test.LoginTest" name="loginWithValidUsernameAndPassword" time="4.252"/>
  <testcase classname="com.orangeHrm.test.HomePageTest" name="logoutOfHomePage" time="4.581"/>
  <testcase classname="com.orangeHrm.test.BaseTest" name="@BeforeSuite initDriver" time="0.0">
    <ignored/>
  </testcase> <!-- @BeforeSuite initDriver -->
  <testcase classname="com.orangeHrm.test.BaseTest" name="@AfterSuite tearDown" time="0.0">
    <ignored/>
  </testcase> <!-- @AfterSuite tearDown -->
</testsuite> <!-- Test -->
