<?xml version="1.0" encoding="UTF-8"?>
<testng-results ignored="2" total="4" passed="2" failed="0" skipped="0">
  <reporter-output>
  </reporter-output>
  <suite started-at="2025-01-03T13:26:32 SAST" name="Suite" finished-at="2025-01-03T13:26:41 SAST" duration-ms="8892">
    <groups>
    </groups>
    <test started-at="2025-01-03T13:26:32 SAST" name="Test" finished-at="2025-01-03T13:26:41 SAST" duration-ms="8892">
      <class name="com.orangeHrm.test.HomePageTest">
        <test-method signature="logoutOfHomePage()[pri:0, instance:com.orangeHrm.test.HomePageTest@6bd61f98]" started-at="2025-01-03T13:26:37 SAST" name="logoutOfHomePage" finished-at="2025-01-03T13:26:41 SAST" duration-ms="4581" status="PASS">
          <reporter-output>
          </reporter-output>
        </test-method> <!-- logoutOfHomePage -->
      </class> <!-- com.orangeHrm.test.HomePageTest -->
      <class name="com.orangeHrm.test.LoginTest">
        <test-method is-config="true" signature="initDriver()[pri:0, instance:com.orangeHrm.test.LoginTest@55634720]" started-at="2025-01-03T13:26:19 SAST" name="initDriver" finished-at="2025-01-03T13:26:32 SAST" duration-ms="13917" status="PASS">
          <reporter-output>
          </reporter-output>
        </test-method> <!-- initDriver -->
        <test-method signature="loginWithValidUsernameAndPassword()[pri:0, instance:com.orangeHrm.test.LoginTest@55634720]" started-at="2025-01-03T13:26:33 SAST" name="loginWithValidUsernameAndPassword" finished-at="2025-01-03T13:26:37 SAST" duration-ms="4252" status="PASS">
          <reporter-output>
          </reporter-output>
        </test-method> <!-- loginWithValidUsernameAndPassword -->
        <test-method is-config="true" signature="tearDown()[pri:0, instance:com.orangeHrm.test.LoginTest@55634720]" started-at="2025-01-03T13:26:42 SAST" name="tearDown" finished-at="2025-01-03T13:26:42 SAST" duration-ms="413" status="PASS">
          <reporter-output>
          </reporter-output>
        </test-method> <!-- tearDown -->
      </class> <!-- com.orangeHrm.test.LoginTest -->
    </test> <!-- Test -->
  </suite> <!-- Suite -->
</testng-results>
